{
  "RSpec": {
    "coverage": {
      "/Users/colinscally/Projects/bookmark/bookmark2/app/app.rb": [
        1,
        1,
        null,
        1,
        null,
        1,
        null,
        1,
        5,
        5,
        null,
        null,
        1,
        2,
        2,
        2,
        2,
        2,
        null,
        null,
        1,
        2,
        null,
        null,
        null
      ],
      "/Users/colinscally/Projects/bookmark/bookmark2/app/data_mapper_setup.rb": [
        1,
        1,
        null,
        1,
        1,
        null,
        1,
        null,
        1,
        1,
        1
      ],
      "/Users/colinscally/Projects/bookmark/bookmark2/app/models/tag.rb": [
        1,
        null,
        null,
        1,
        1,
        1,
        1,
        null
      ],
      "/Users/colinscally/Projects/bookmark/bookmark2/spec/features/creating_links_spec.rb": [
        1,
        1,
        1,
        1,
        1,
        1,
        1,
        null,
        1,
        1,
        null,
        null,
        null,
        1,
        1,
        1,
        1,
        1,
        1,
        1,
        null,
        1,
        1,
        null,
        null,
        null
      ],
      "/Users/colinscally/Projects/bookmark/bookmark2/spec/features/feature_spec.rb": [
        1,
        1,
        1,
        1,
        1,
        null,
        1,
        1,
        null,
        null,
        null
      ]
    },
    "timestamp": 1496249303
  }
}
