{
  "RSpec": {
    "coverage": {
      "/Users/jadealvares/Documents/MakersProjects/MyWeek4/bookmark_manager/app/app.rb": [
        1,
        null,
        1,
        1,
        null,
        1,
        1,
        1,
        null,
        1,
        10,
        10,
        null,
        null,
        1,
        4,
        4,
        5,
        null,
        4,
        4,
        null,
        null,
        1,
        4,
        null,
        null,
        1,
        1,
        1,
        1,
        null,
        null,
        1,
        1,
        null,
        null,
        1,
        0,
        null,
        null,
        1,
        0,
        null,
        null,
        1,
        1,
        1,
        1,
        null,
        null,
        1,
        1,
        17,
        null,
        null,
        null,
        null
      ],
      "/Users/jadealvares/Documents/MakersProjects/MyWeek4/bookmark_manager/app/data_mapper_setup.rb": [
        1,
        1,
        null,
        1,
        1,
        1,
        null,
        null,
        null,
        1,
        1,
        1
      ],
      "/Users/jadealvares/Documents/MakersProjects/MyWeek4/bookmark_manager/app/models/tag.rb": [
        1,
        null,
        null,
        1,
        1,
        null,
        1,
        null,
        1,
        1,
        null,
        null
      ],
      "/Users/jadealvares/Documents/MakersProjects/MyWeek4/bookmark_manager/app/models/user.rb": [
        1,
        1,
        null,
        1,
        1,
        null,
        1,
        1,
        1,
        null,
        1,
        1,
        null,
        null
      ],
      "/Users/jadealvares/Documents/MakersProjects/MyWeek4/bookmark_manager/spec/features/creating_links_spec.rb": [
        1,
        1,
        1,
        1,
        1,
        1,
        1,
        null,
        1,
        1,
        null,
        null,
        null,
        1,
        1,
        1,
        1,
        1,
        1,
        1,
        null,
        1,
        1,
        null,
        null,
        null
      ],
      "/Users/jadealvares/Documents/MakersProjects/MyWeek4/bookmark_manager/spec/features/feature_spec.rb": [
        1,
        1,
        1,
        1,
        1,
        null,
        1,
        1,
        null,
        null,
        null
      ],
      "/Users/jadealvares/Documents/MakersProjects/MyWeek4/bookmark_manager/spec/features/filter_by_tags_spec.rb": [
        1,
        1,
        1,
        1,
        1,
        1,
        1,
        1,
        1,
        null,
        1,
        1,
        null,
        null,
        null
      ],
      "/Users/jadealvares/Documents/MakersProjects/MyWeek4/bookmark_manager/spec/features/multiple_tags_spec.rb": [
        1,
        1,
        1,
        1,
        1,
        1,
        1,
        1,
        null,
        null,
        1,
        null,
        null
      ],
      "/Users/jadealvares/Documents/MakersProjects/MyWeek4/bookmark_manager/spec/features/user_login_spec.rb": [
        1,
        1,
        1,
        1,
        1,
        1,
        null,
        null,
        1,
        null,
        null,
        null
      ]
    },
    "timestamp": 1496414519
  }
}
